#
# There is insufficient memory for the Java Runtime Environment to continue.
# Native memory allocation (malloc) failed to allocate 1048576 bytes for AllocateHeap
# Possible reasons:
#   The system is out of physical RAM or swap space
#   The process is running with CompressedOops enabled, and the Java Heap may be blocking the growth of the native heap
# Possible solutions:
#   Reduce memory load on the system
#   Increase physical memory or swap space
#   Check if swap backing store is full
#   Decrease Java heap size (-Xmx/-Xms)
#   Decrease number of Java threads
#   Decrease Java thread stack sizes (-Xss)
#   Set larger code cache with -XX:ReservedCodeCacheSize=
#   JVM is running with Unscaled Compressed Oops mode in which the Java heap is
#     placed in the first 4GB address space. The Java Heap base address is the
#     maximum limit for the native heap growth. Please use -XX:HeapBaseMinAddress
#     to set the Java Heap base and to place the Java Heap above 4GB virtual address.
# This output file may be truncated or incomplete.
#
#  Out of Memory Error (memory/allocation.inline.hpp:61), pid=19052, tid=0x0000000000001de4
#
# JRE version:  (8.0_331-b09) (build )
# Java VM: Java HotSpot(TM) 64-Bit Server VM (25.331-b09 mixed mode windows-amd64 compressed oops)
# Failed to write core dump. Minidumps are not enabled by default on client versions of Windows
#

---------------  T H R E A D  ---------------

Current thread (0x000001fcd2312000):  JavaThread "Unknown thread" [_thread_in_vm, id=7652, stack(0x0000000edf800000,0x0000000edf900000)]

Stack: [0x0000000edf800000,0x0000000edf900000]
Native frames: (J=compiled Java code, j=interpreted, Vv=VM code, C=native code)
V  [jvm.dll+0x32fc49]
V  [jvm.dll+0x2761a2]
V  [jvm.dll+0x276e4d]
V  [jvm.dll+0x26d7f5]
V  [jvm.dll+0x509d]
V  [jvm.dll+0x3cafcc]
V  [jvm.dll+0x3c7337]
V  [jvm.dll+0xfd2ff]
V  [jvm.dll+0x20a8eb]
V  [jvm.dll+0x239417]
V  [jvm.dll+0x162e26]
C  [javaw.exe+0x2322]
C  [javaw.exe+0x16544]
C  [KERNEL32.DLL+0x17034]
C  [ntdll.dll+0x52651]


---------------  P R O C E S S  ---------------

Java Threads: ( => current thread )

Other Threads:

=>0x000001fcd2312000 (exited) JavaThread "Unknown thread" [_thread_in_vm, id=7652, stack(0x0000000edf800000,0x0000000edf900000)]

VM state:not at safepoint (normal execution)

VM Mutex/Monitor currently owned by a thread: None

heap address: 0x0000000081600000, size: 2026 MB, Compressed Oops mode: 32-bit
Narrow klass base: 0x0000000000000000, Narrow klass shift: 3
Compressed class space size: 1073741824 Address: 0x0000000100000000

Heap:
 PSYoungGen      total 38400K, used 665K [0x00000000d5d00000, 0x00000000d8780000, 0x0000000100000000)
  eden space 33280K, 2% used [0x00000000d5d00000,0x00000000d5da6670,0x00000000d7d80000)
  from space 5120K, 0% used [0x00000000d8280000,0x00000000d8280000,0x00000000d8780000)
  to   space 5120K, 0% used [0x00000000d7d80000,0x00000000d7d80000,0x00000000d8280000)
 ParOldGen       total 87552K, used 0K [0x0000000081600000, 0x0000000086b80000, 0x00000000d5d00000)
  object space 87552K, 0% used [0x0000000081600000,0x0000000081600000,0x0000000086b80000)
 Metaspace       used 792K, capacity 1156K, committed 1408K, reserved 1060864K
  class space    used 76K, capacity 384K, committed 384K, reserved 1048576K

Card table byte_map: [0x000001fce30b0000,0x000001fce34b0000] byte_map_base: 0x000001fce2ca5000

Marking Bits: (ParMarkBitMap*) 0x0000000075309030
 Begin Bits: [0x000001fce3760000, 0x000001fce5708000)
 End Bits:   [0x000001fce5708000, 0x000001fce76b0000)

Polling page: 0x000001fcd3cc0000

CodeCache: size=245760Kb used=329Kb max_used=329Kb free=245430Kb
 bounds [0x000001fcd3cf0000, 0x000001fcd3f60000, 0x000001fce2cf0000]
 total_blobs=58 nmethods=0 adapters=38
 compilation: enabled

Compilation events (0 events):
No events

GC Heap History (0 events):
No events

Deoptimization events (0 events):
No events

Classes redefined (0 events):
No events

Internal exceptions (0 events):
No events

Events (10 events):
Event: 0.030 loading class java/lang/Short
Event: 0.030 loading class java/lang/Short done
Event: 0.030 loading class java/lang/Integer
Event: 0.030 loading class java/lang/Integer done
Event: 0.030 loading class java/lang/Long
Event: 0.030 loading class java/lang/Long done
Event: 0.031 loading class java/lang/NullPointerException
Event: 0.031 loading class java/lang/NullPointerException done
Event: 0.031 loading class java/lang/ArithmeticException
Event: 0.031 loading class java/lang/ArithmeticException done


Dynamic libraries:
0x00007ff6e16d0000 - 0x00007ff6e1717000 	C:\Program Files\Java\jdk1.8.0_331\bin\javaw.exe
0x00007ffdfabd0000 - 0x00007ffdfadc7000 	C:\WINDOWS\SYSTEM32\ntdll.dll
0x00007ffdf9800000 - 0x00007ffdf98bd000 	C:\WINDOWS\System32\KERNEL32.DLL
0x00007ffdf88c0000 - 0x00007ffdf8b8d000 	C:\WINDOWS\System32\KERNELBASE.dll
0x00007ffdf9560000 - 0x00007ffdf960e000 	C:\WINDOWS\System32\ADVAPI32.dll
0x00007ffdf98c0000 - 0x00007ffdf995e000 	C:\WINDOWS\System32\msvcrt.dll
0x00007ffdf94c0000 - 0x00007ffdf955c000 	C:\WINDOWS\System32\sechost.dll
0x00007ffdf8f90000 - 0x00007ffdf90b5000 	C:\WINDOWS\System32\RPCRT4.dll
0x00007ffdf90c0000 - 0x00007ffdf9260000 	C:\WINDOWS\System32\USER32.dll
0x00007ffdf8480000 - 0x00007ffdf84a2000 	C:\WINDOWS\System32\win32u.dll
0x00007ffdf9370000 - 0x00007ffdf939a000 	C:\WINDOWS\System32\GDI32.dll
0x00007ffdf84b0000 - 0x00007ffdf85bb000 	C:\WINDOWS\System32\gdi32full.dll
0x00007ffdf8b90000 - 0x00007ffdf8c2d000 	C:\WINDOWS\System32\msvcp_win.dll
0x00007ffdf8380000 - 0x00007ffdf8480000 	C:\WINDOWS\System32\ucrtbase.dll
0x00007ffdecc70000 - 0x00007ffdecf0a000 	C:\WINDOWS\WinSxS\amd64_microsoft.windows.common-controls_6595b64144ccf1df_6.0.19041.1110_none_60b5254171f9507e\COMCTL32.dll
0x00007ffdf9b90000 - 0x00007ffdf9bc0000 	C:\WINDOWS\System32\IMM32.DLL
0x00007ffde7880000 - 0x00007ffde7895000 	C:\Program Files\Java\jdk1.8.0_331\jre\bin\vcruntime140.dll
0x00007ffdde960000 - 0x00007ffdde9fb000 	C:\Program Files\Java\jdk1.8.0_331\jre\bin\msvcp140.dll
0x0000000074b20000 - 0x0000000075381000 	C:\Program Files\Java\jdk1.8.0_331\jre\bin\server\jvm.dll
0x00007ffdf9c90000 - 0x00007ffdf9c98000 	C:\WINDOWS\System32\PSAPI.DLL
0x00007ffdec500000 - 0x00007ffdec527000 	C:\WINDOWS\SYSTEM32\WINMM.dll
0x00007ffded070000 - 0x00007ffded07a000 	C:\WINDOWS\SYSTEM32\VERSION.dll
0x00007ffddfba0000 - 0x00007ffddfba9000 	C:\WINDOWS\SYSTEM32\WSOCK32.dll
0x00007ffdf9960000 - 0x00007ffdf99cb000 	C:\WINDOWS\System32\WS2_32.dll
0x00007ffdf61f0000 - 0x00007ffdf6202000 	C:\WINDOWS\SYSTEM32\kernel.appcore.dll
0x00007ffdde760000 - 0x00007ffdde770000 	C:\Program Files\Java\jdk1.8.0_331\jre\bin\verify.dll
0x00007ffdde730000 - 0x00007ffdde75b000 	C:\Program Files\Java\jdk1.8.0_331\jre\bin\java.dll
0x00007ffdf3540000 - 0x00007ffdf3558000 	C:\Program Files\Java\jdk1.8.0_331\jre\bin\zip.dll
0x00007ffdefe60000 - 0x00007ffdf0044000 	C:\WINDOWS\SYSTEM32\dbghelp.dll
0x00007ffdf82f0000 - 0x00007ffdf8372000 	C:\WINDOWS\System32\bcryptPrimitives.dll

VM Arguments:
jvm_args: -ea -Dfile.encoding=UTF-8 
java_command: org.testng.remote.RemoteTestNG -serport 50006 -protocol json -d C:\Users\kesle\eclipse-workspace\GWESTY\test-output C:\Users\kesle\AppData\Local\Temp\testng-eclipse--1298226570\testng-customsuite.xml
java_class_path (initial): C:\Users\kesle\Downloads\eclipse-java-2022-03-R-win32-x86_64\eclipse\configuration\org.eclipse.osgi\433\0\.cp\lib\testng-remote.jar;C:\Users\kesle\eclipse-workspace\GWESTY\target\test-classes;C:\Users\kesle\eclipse-workspace\GWESTY\target\classes;C:\Users\kesle\.m2\repository\io\cucumber\cucumber-java\1.2.6\cucumber-java-1.2.6.jar;C:\Users\kesle\.m2\repository\io\cucumber\cucumber-core\1.2.6\cucumber-core-1.2.6.jar;C:\Users\kesle\.m2\repository\info\cukes\cucumber-html\0.2.3\cucumber-html-0.2.3.jar;C:\Users\kesle\.m2\repository\info\cukes\cucumber-jvm-deps\1.0.5\cucumber-jvm-deps-1.0.5.jar;C:\Users\kesle\.m2\repository\info\cukes\gherkin\2.12.2\gherkin-2.12.2.jar;C:\Users\kesle\.m2\repository\io\cucumber\cucumber-testng\1.2.6\cucumber-testng-1.2.6.jar;C:\Users\kesle\.m2\repository\io\cucumber\gherkin\22.0.0\gherkin-22.0.0.jar;C:\Users\kesle\.m2\repository\io\cucumber\messages\17.1.1\messages-17.1.1.jar;C:\Users\kesle\.m2\repository\org\seleniumhq\selenium\selenium-java\4.2.1\selenium-java-4.2.1.jar;C:\Users\kesle\.m2\repository\org\seleniumhq\selenium\selenium-api\4.2.1\selenium-api-4.2.1.jar;C:\Users\kesle\.m2\repository\org\seleniumhq\selenium\selenium-chrome-driver\4.2.1\selenium-chrome-driver-4.2.1.jar;C:\Users\kesle\.m2\repository\com\google\auto\service\auto-service-annotations\1.0.1\auto-service-annotations-1.0.1.jar;C:\Users\kesle\.m2\repository\com\google\auto\service\auto-service\1.0.1\auto-service-1.0.1.jar;C:\Users\kesle\.m2\repository\com\google\auto\auto-common\1.2\auto-common-1.2.jar;C:\Users\kesle\.m2\repository\com\google\guava\guava\31.1-jre\guava-31.1-jre.jar;C:\Users\kesle\.m2\repository\com\google\guava\failureaccess\1.0.1\failureaccess-1.0.1.jar;C:\Users\kesle\.m2\repository\com\google\guava\listenablefuture\9999.0-empty-to-avoid-conflict-with-guava\listenablefuture-9999.0-empty-to-avoid-conflict-with-guava.jar;C:\Users\kesle\.m2\repository\org\checkerframework\checker-qual\3.12.0\checker-qual-3.12.0.jar;C:\Users\ke
Launcher Type: SUN_STANDARD

Environment Variables:
JAVA_HOME=C:\Program Files\Java\jdk1.8.0_331
PATH=C:/Users/kesle/Downloads/eclipse-java-2022-03-R-win32-x86_64/eclipse//plugins/org.eclipse.justj.openjdk.hotspot.jre.full.win32.x86_64_17.0.2.v20220201-1208/jre/bin/server;C:/Users/kesle/Downloads/eclipse-java-2022-03-R-win32-x86_64/eclipse//plugins/org.eclipse.justj.openjdk.hotspot.jre.full.win32.x86_64_17.0.2.v20220201-1208/jre/bin;C:\Program Files (x86)\Common Files\Oracle\Java\javapath;C:\WINDOWS\system32;C:\WINDOWS;C:\WINDOWS\System32\Wbem;C:\WINDOWS\System32\WindowsPowerShell\v1.0\;C:\WINDOWS\System32\OpenSSH\;C:\Program Files\Java\jdk1.8.0_331\bin;C:\Maven\apache-maven-3.8.5\bin;C:\Program Files\MySQL\MySQL Shell 8.0\bin\;C:\Users\kesle\AppData\Local\Microsoft\WindowsApps;C:\Users\kesle\AppData\Local\GitHubDesktop\bin;C:\Users\kesle\Downloads\eclipse-java-2022-03-R-win32-x86_64\eclipse;
USERNAME=kesley
OS=Windows_NT
PROCESSOR_IDENTIFIER=Intel64 Family 6 Model 61 Stepping 4, GenuineIntel



---------------  S Y S T E M  ---------------

OS: Windows 10 , 64 bit Build 19041 (10.0.19041.1741)

CPU:total 4 (initial active 4) (2 cores per cpu, 2 threads per core) family 6 model 61 stepping 4, cmov, cx8, fxsr, mmx, sse, sse2, sse3, ssse3, sse4.1, sse4.2, popcnt, avx, avx2, aes, clmul, erms, 3dnowpref, lzcnt, ht, tsc, tscinvbit, bmi1, bmi2, adx

Memory: 4k page, physical 8296444k(2598964k free), swap 10393596k(5760k free)

vm_info: Java HotSpot(TM) 64-Bit Server VM (25.331-b09) for windows-amd64 JRE (1.8.0_331-b09), built on Mar 10 2022 03:14:38 by "java_re" with MS VC++ 15.9 (VS2017)

time: Sun Jul 17 17:17:14 2022
timezone: SE Asia Standard Time
elapsed time: 0.145861 seconds (0d 0h 0m 0s)

