#
# There is insufficient memory for the Java Runtime Environment to continue.
# Native memory allocation (malloc) failed to allocate 32784 bytes for Chunk::new
# Possible reasons:
#   The system is out of physical RAM or swap space
#   The process is running with CompressedOops enabled, and the Java Heap may be blocking the growth of the native heap
# Possible solutions:
#   Reduce memory load on the system
#   Increase physical memory or swap space
#   Check if swap backing store is full
#   Decrease Java heap size (-Xmx/-Xms)
#   Decrease number of Java threads
#   Decrease Java thread stack sizes (-Xss)
#   Set larger code cache with -XX:ReservedCodeCacheSize=
#   JVM is running with Unscaled Compressed Oops mode in which the Java heap is
#     placed in the first 4GB address space. The Java Heap base address is the
#     maximum limit for the native heap growth. Please use -XX:HeapBaseMinAddress
#     to set the Java Heap base and to place the Java Heap above 4GB virtual address.
# This output file may be truncated or incomplete.
#
#  Out of Memory Error (allocation.cpp:389), pid=2728, tid=0x000000000000174c
#
# JRE version: Java(TM) SE Runtime Environment (8.0_331-b09) (build 1.8.0_331-b09)
# Java VM: Java HotSpot(TM) 64-Bit Server VM (25.331-b09 mixed mode windows-amd64 compressed oops)
# Failed to write core dump. Minidumps are not enabled by default on client versions of Windows
#

---------------  T H R E A D  ---------------

Current thread (0x000001a6c979b800):  JavaThread "C2 CompilerThread0" daemon [_thread_in_native, id=5964, stack(0x0000007c4e700000,0x0000007c4e800000)]

Stack: [0x0000007c4e700000,0x0000007c4e800000]
Native frames: (J=compiled Java code, j=interpreted, Vv=VM code, C=native code)
V  [jvm.dll+0x32fc49]


Current CompileTask:
C2:  49764  990       4       jdk.internal.org.objectweb.asm.ClassWriter::newUTF8 (70 bytes)


---------------  P R O C E S S  ---------------

Java Threads: ( => current thread )
  0x000001a6caa38000 JavaThread "ReaderThread" [_thread_in_native, id=16460, stack(0x0000007c4ed00000,0x0000007c4ee00000)]
  0x000001a6c9829800 JavaThread "Service Thread" daemon [_thread_blocked, id=18312, stack(0x0000007c4ea00000,0x0000007c4eb00000)]
  0x000001a6c97a6800 JavaThread "C1 CompilerThread2" daemon [_thread_blocked, id=7672, stack(0x0000007c4e900000,0x0000007c4ea00000)]
  0x000001a6c97a5000 JavaThread "C2 CompilerThread1" daemon [_thread_blocked, id=18256, stack(0x0000007c4e800000,0x0000007c4e900000)]
=>0x000001a6c979b800 JavaThread "C2 CompilerThread0" daemon [_thread_in_native, id=5964, stack(0x0000007c4e700000,0x0000007c4e800000)]
  0x000001a6c979a000 JavaThread "Attach Listener" daemon [_thread_blocked, id=18360, stack(0x0000007c4e600000,0x0000007c4e700000)]
  0x000001a6c9799000 JavaThread "Signal Dispatcher" daemon [_thread_blocked, id=8908, stack(0x0000007c4e500000,0x0000007c4e600000)]
  0x000001a6c976f800 JavaThread "Finalizer" daemon [_thread_blocked, id=16540, stack(0x0000007c4e400000,0x0000007c4e500000)]
  0x000001a6c9768800 JavaThread "Reference Handler" daemon [_thread_blocked, id=17508, stack(0x0000007c4e300000,0x0000007c4e400000)]
  0x000001a6b2f22800 JavaThread "main" [_thread_in_native, id=2752, stack(0x0000007c4dd00000,0x0000007c4de00000)]

Other Threads:
  0x000001a6c902d000 VMThread [stack: 0x0000007c4e200000,0x0000007c4e300000] [id=9384]
  0x000001a6c984e800 WatcherThread [stack: 0x0000007c4eb00000,0x0000007c4ec00000] [id=15480]

VM state:not at safepoint (normal execution)

VM Mutex/Monitor currently owned by a thread: None

heap address: 0x0000000081600000, size: 2026 MB, Compressed Oops mode: 32-bit
Narrow klass base: 0x0000000000000000, Narrow klass shift: 3
Compressed class space size: 1073741824 Address: 0x0000000100000000

Heap:
 PSYoungGen      total 38400K, used 29428K [0x00000000d5d00000, 0x00000000d8780000, 0x0000000100000000)
  eden space 33280K, 88% used [0x00000000d5d00000,0x00000000d79bd190,0x00000000d7d80000)
  from space 5120K, 0% used [0x00000000d8280000,0x00000000d8280000,0x00000000d8780000)
  to   space 5120K, 0% used [0x00000000d7d80000,0x00000000d7d80000,0x00000000d8280000)
 ParOldGen       total 87552K, used 0K [0x0000000081600000, 0x0000000086b80000, 0x00000000d5d00000)
  object space 87552K, 0% used [0x0000000081600000,0x0000000081600000,0x0000000086b80000)
 Metaspace       used 11006K, capacity 11426K, committed 11776K, reserved 1058816K
  class space    used 1311K, capacity 1435K, committed 1536K, reserved 1048576K

Card table byte_map: [0x000001a6c3d30000,0x000001a6c4130000] byte_map_base: 0x000001a6c3925000

Marking Bits: (ParMarkBitMap*) 0x0000000075309030
 Begin Bits: [0x000001a6c43e0000, 0x000001a6c6388000)
 End Bits:   [0x000001a6c6388000, 0x000001a6c8330000)

Polling page: 0x000001a6b3140000

CodeCache: size=245760Kb used=3588Kb max_used=3592Kb free=242171Kb
 bounds [0x000001a6b4970000, 0x000001a6b4d00000, 0x000001a6c3970000]
 total_blobs=1342 nmethods=993 adapters=262
 compilation: enabled

Compilation events (10 events):
Event: 49.419 Thread 0x000001a6c97a6800 nmethod 984 0x000001a6b4ceaad0 code [0x000001a6b4cead40, 0x000001a6b4cebc50]
Event: 49.419 Thread 0x000001a6c97a6800  985       3       jdk.internal.org.objectweb.asm.MethodWriter::visitFieldInsn (248 bytes)
Event: 49.420 Thread 0x000001a6c97a6800 nmethod 985 0x000001a6b4cec210 code [0x000001a6b4cec3e0, 0x000001a6b4cecca0]
Event: 49.420 Thread 0x000001a6c97a6800  988       3       sun.invoke.util.BytecodeDescriptor::unparseMethod (68 bytes)
Event: 49.421 Thread 0x000001a6c97a5000  989       4       jdk.internal.org.objectweb.asm.Type::getArgumentsAndReturnSizes (151 bytes)
Event: 49.422 Thread 0x000001a6c97a6800 nmethod 988 0x000001a6b4ced050 code [0x000001a6b4ced300, 0x000001a6b4cee600]
Event: 49.422 Thread 0x000001a6c97a6800  986       3       jdk.internal.org.objectweb.asm.ClassWriter::newFieldItem (77 bytes)
Event: 49.423 Thread 0x000001a6c97a6800 nmethod 986 0x000001a6b4cef1d0 code [0x000001a6b4cef3c0, 0x000001a6b4cef9c0]
Event: 49.424 Thread 0x000001a6c979b800  990       4       jdk.internal.org.objectweb.asm.ClassWriter::newUTF8 (70 bytes)
Event: 49.431 Thread 0x000001a6c97a5000 nmethod 989 0x000001a6b4cf2ed0 code [0x000001a6b4cf3040, 0x000001a6b4cf3518]

GC Heap History (0 events):
No events

Deoptimization events (4 events):
Event: 0.238 Thread 0x000001a6b2f22800 Uncommon trap: reason=unstable_if action=reinterpret pc=0x000001a6b4a8a6e0 method=java.lang.String.hashCode()I @ 14
Event: 2.861 Thread 0x000001a6b2f22800 Uncommon trap: reason=unstable_if action=reinterpret pc=0x000001a6b4afee34 method=java.lang.String.lastIndexOf([CII[CIII)I @ 66
Event: 20.799 Thread 0x000001a6b2f22800 Uncommon trap: reason=unstable_if action=reinterpret pc=0x000001a6b4b4c3a4 method=sun.misc.MetaIndex.mayContain(Ljava/lang/String;)Z @ 38
Event: 23.313 Thread 0x000001a6b2f22800 Uncommon trap: reason=unstable_if action=reinterpret pc=0x000001a6b4b28430 method=java.lang.String.indexOf([CII[CIII)I @ 3

Classes redefined (0 events):
No events

Internal exceptions (10 events):
Event: 1.055 Thread 0x000001a6b2f22800 Exception <a 'java/security/PrivilegedActionException'> (0x00000000d62ceac8) thrown at [C:\jenkins\workspace\8-2-build-windows-amd64-cygwin\jdk8u331\2416\hotspot\src\share\vm\prims\jvm.cpp, line 1523]
Event: 1.056 Thread 0x000001a6b2f22800 Exception <a 'java/security/PrivilegedActionException'> (0x00000000d62d29d8) thrown at [C:\jenkins\workspace\8-2-build-windows-amd64-cygwin\jdk8u331\2416\hotspot\src\share\vm\prims\jvm.cpp, line 1523]
Event: 1.056 Thread 0x000001a6b2f22800 Exception <a 'java/security/PrivilegedActionException'> (0x00000000d62d2be8) thrown at [C:\jenkins\workspace\8-2-build-windows-amd64-cygwin\jdk8u331\2416\hotspot\src\share\vm\prims\jvm.cpp, line 1523]
Event: 8.109 Thread 0x000001a6b2f22800 Exception <a 'java/lang/NoSuchFieldError': method resolution failed> (0x00000000d64a2170) thrown at [C:\jenkins\workspace\8-2-build-windows-amd64-cygwin\jdk8u331\2416\hotspot\src\share\vm\prims\methodHandles.cpp, line 1169]
Event: 8.118 Thread 0x000001a6b2f22800 Exception <a 'java/lang/NoSuchFieldError': method resolution failed> (0x00000000d64af490) thrown at [C:\jenkins\workspace\8-2-build-windows-amd64-cygwin\jdk8u331\2416\hotspot\src\share\vm\prims\methodHandles.cpp, line 1169]
Event: 10.880 Thread 0x000001a6b2f22800 Exception <a 'java/lang/NoClassDefFoundError': org/slf4j/impl/StaticLoggerBinder> (0x00000000d6584740) thrown at [C:\jenkins\workspace\8-2-build-windows-amd64-cygwin\jdk8u331\2416\hotspot\src\share\vm\classfile\systemDictionary.cpp, line 201]
Event: 42.498 Thread 0x000001a6b2f22800 Exception <a 'java/lang/NoSuchMethodError': java.lang.Object.lambda$comparingInt$7b0bb60$1(Ljava/util/function/ToIntFunction;Ljava/lang/Object;Ljava/lang/Object;)I> (0x00000000d6ffe0c0) thrown at [C:\jenkins\workspace\8-2-build-windows-amd64-cygwin\jdk8u3
Event: 42.503 Thread 0x000001a6b2f22800 Exception <a 'java/lang/NoSuchMethodError': java.lang.Object.lambda$comparing$77a9974f$1(Ljava/util/function/Function;Ljava/lang/Object;Ljava/lang/Object;)I> (0x00000000d700f830) thrown at [C:\jenkins\workspace\8-2-build-windows-amd64-cygwin\jdk8u331\2416
Event: 42.505 Thread 0x000001a6b2f22800 Exception <a 'java/lang/NoSuchMethodError': java.lang.Object.lambda$thenComparing$36697e65$1(Ljava/util/Comparator;Ljava/lang/Object;Ljava/lang/Object;)I> (0x00000000d70177f0) thrown at [C:\jenkins\workspace\8-2-build-windows-amd64-cygwin\jdk8u331\2416\ho
Event: 45.953 Thread 0x000001a6b2f22800 Exception <a 'java/lang/IncompatibleClassChangeError': Found class java.lang.Object, but interface was expected> (0x00000000d7564eb0) thrown at [C:\jenkins\workspace\8-2-build-windows-amd64-cygwin\jdk8u331\2416\hotspot\src\share\vm\interpreter\linkResolve

Events (10 events):
Event: 49.427 loading class org/testng/ITestNGMethod
Event: 49.427 loading class org/testng/ITestNGMethod done
Event: 49.427 loading class org/testng/ITestNGMethod
Event: 49.427 loading class org/testng/ITestNGMethod done
Event: 49.428 loading class org/testng/internal/invokers/AbstractParallelWorker$Arguments$Builder
Event: 49.428 loading class org/testng/internal/invokers/AbstractParallelWorker$Arguments$Builder done
Event: 49.429 loading class org/testng/internal/invokers/AbstractParallelWorker$Arguments
Event: 49.429 loading class org/testng/internal/invokers/AbstractParallelWorker$Arguments done
Event: 49.430 loading class org/testng/internal/invokers/AbstractParallelWorker
Event: 49.431 loading class org/testng/internal/invokers/AbstractParallelWorker done


Dynamic libraries:
0x00007ff6d2280000 - 0x00007ff6d22c7000 	C:\Program Files\Java\jdk1.8.0_331\bin\javaw.exe
0x00007ffdfabd0000 - 0x00007ffdfadc7000 	C:\WINDOWS\SYSTEM32\ntdll.dll
0x00007ffdf9800000 - 0x00007ffdf98bd000 	C:\WINDOWS\System32\KERNEL32.DLL
0x00007ffdf88c0000 - 0x00007ffdf8b8d000 	C:\WINDOWS\System32\KERNELBASE.dll
0x00007ffdf9560000 - 0x00007ffdf960e000 	C:\WINDOWS\System32\ADVAPI32.dll
0x00007ffdf98c0000 - 0x00007ffdf995e000 	C:\WINDOWS\System32\msvcrt.dll
0x00007ffdf94c0000 - 0x00007ffdf955c000 	C:\WINDOWS\System32\sechost.dll
0x00007ffdf8f90000 - 0x00007ffdf90b5000 	C:\WINDOWS\System32\RPCRT4.dll
0x00007ffdf90c0000 - 0x00007ffdf9260000 	C:\WINDOWS\System32\USER32.dll
0x00007ffdf8480000 - 0x00007ffdf84a2000 	C:\WINDOWS\System32\win32u.dll
0x00007ffdf9370000 - 0x00007ffdf939a000 	C:\WINDOWS\System32\GDI32.dll
0x00007ffdf84b0000 - 0x00007ffdf85bb000 	C:\WINDOWS\System32\gdi32full.dll
0x00007ffdf8b90000 - 0x00007ffdf8c2d000 	C:\WINDOWS\System32\msvcp_win.dll
0x00007ffdf8380000 - 0x00007ffdf8480000 	C:\WINDOWS\System32\ucrtbase.dll
0x00007ffdecc70000 - 0x00007ffdecf0a000 	C:\WINDOWS\WinSxS\amd64_microsoft.windows.common-controls_6595b64144ccf1df_6.0.19041.1110_none_60b5254171f9507e\COMCTL32.dll
0x00007ffdf9b90000 - 0x00007ffdf9bc0000 	C:\WINDOWS\System32\IMM32.DLL
0x00007ffde7880000 - 0x00007ffde7895000 	C:\Program Files\Java\jdk1.8.0_331\jre\bin\vcruntime140.dll
0x00007ffdde960000 - 0x00007ffdde9fb000 	C:\Program Files\Java\jdk1.8.0_331\jre\bin\msvcp140.dll
0x0000000074b20000 - 0x0000000075381000 	C:\Program Files\Java\jdk1.8.0_331\jre\bin\server\jvm.dll
0x00007ffdf9c90000 - 0x00007ffdf9c98000 	C:\WINDOWS\System32\PSAPI.DLL
0x00007ffdec500000 - 0x00007ffdec527000 	C:\WINDOWS\SYSTEM32\WINMM.dll
0x00007ffded070000 - 0x00007ffded07a000 	C:\WINDOWS\SYSTEM32\VERSION.dll
0x00007ffddfba0000 - 0x00007ffddfba9000 	C:\WINDOWS\SYSTEM32\WSOCK32.dll
0x00007ffdf9960000 - 0x00007ffdf99cb000 	C:\WINDOWS\System32\WS2_32.dll
0x00007ffdf61f0000 - 0x00007ffdf6202000 	C:\WINDOWS\SYSTEM32\kernel.appcore.dll
0x00007ffdde760000 - 0x00007ffdde770000 	C:\Program Files\Java\jdk1.8.0_331\jre\bin\verify.dll
0x00007ffdde730000 - 0x00007ffdde75b000 	C:\Program Files\Java\jdk1.8.0_331\jre\bin\java.dll
0x00007ffdf3540000 - 0x00007ffdf3558000 	C:\Program Files\Java\jdk1.8.0_331\jre\bin\zip.dll
0x00007ffdfa440000 - 0x00007ffdfab84000 	C:\WINDOWS\System32\SHELL32.dll
0x00007ffdf63f0000 - 0x00007ffdf6b84000 	C:\WINDOWS\SYSTEM32\windows.storage.dll
0x00007ffdf8c30000 - 0x00007ffdf8f84000 	C:\WINDOWS\System32\combase.dll
0x00007ffdf7c80000 - 0x00007ffdf7cac000 	C:\WINDOWS\SYSTEM32\Wldp.dll
0x00007ffdfa2d0000 - 0x00007ffdfa37d000 	C:\WINDOWS\System32\SHCORE.dll
0x00007ffdfa3e0000 - 0x00007ffdfa435000 	C:\WINDOWS\System32\shlwapi.dll
0x00007ffdf8230000 - 0x00007ffdf824f000 	C:\WINDOWS\SYSTEM32\profapi.dll
0x00007ffdf2670000 - 0x00007ffdf268c000 	C:\Program Files\Java\jdk1.8.0_331\jre\bin\net.dll
0x00007ffdf79e0000 - 0x00007ffdf7a4a000 	C:\WINDOWS\system32\mswsock.dll
0x00007ffdf7710000 - 0x00007ffdf77db000 	C:\WINDOWS\SYSTEM32\DNSAPI.dll
0x00007ffdf76d0000 - 0x00007ffdf770b000 	C:\WINDOWS\SYSTEM32\IPHLPAPI.DLL
0x00007ffdf9ca0000 - 0x00007ffdf9ca8000 	C:\WINDOWS\System32\NSI.dll
0x00007ffde8790000 - 0x00007ffde879a000 	C:\Windows\System32\rasadhlp.dll
0x00007ffded7b0000 - 0x00007ffded830000 	C:\WINDOWS\System32\fwpuclnt.dll
0x00007ffdf85c0000 - 0x00007ffdf85e7000 	C:\WINDOWS\System32\bcrypt.dll
0x00007ffdf7be0000 - 0x00007ffdf7bf8000 	C:\WINDOWS\SYSTEM32\CRYPTSP.dll
0x00007ffdf7360000 - 0x00007ffdf7394000 	C:\WINDOWS\system32\rsaenh.dll
0x00007ffdf81b0000 - 0x00007ffdf81de000 	C:\WINDOWS\SYSTEM32\USERENV.dll
0x00007ffdf82f0000 - 0x00007ffdf8372000 	C:\WINDOWS\System32\bcryptprimitives.dll
0x00007ffdf7bd0000 - 0x00007ffdf7bdc000 	C:\WINDOWS\SYSTEM32\CRYPTBASE.dll
0x00007ffdf1b90000 - 0x00007ffdf1ba7000 	C:\WINDOWS\SYSTEM32\dhcpcsvc6.DLL
0x00007ffdf1df0000 - 0x00007ffdf1e0d000 	C:\WINDOWS\SYSTEM32\dhcpcsvc.DLL
0x00007ffdef9c0000 - 0x00007ffdef9d3000 	C:\Program Files\Java\jdk1.8.0_331\jre\bin\nio.dll
0x00007ffdefe60000 - 0x00007ffdf0044000 	C:\WINDOWS\SYSTEM32\dbghelp.dll

VM Arguments:
jvm_args: -ea -Dfile.encoding=UTF-8 
java_command: org.testng.remote.RemoteTestNG -serport 63661 -protocol json -d C:\Users\kesle\eclipse-workspace\GWESTY\test-output C:\Users\kesle\AppData\Local\Temp\testng-eclipse--1260281522\testng-customsuite.xml
java_class_path (initial): C:\Users\kesle\Downloads\eclipse-java-2022-03-R-win32-x86_64\eclipse\configuration\org.eclipse.osgi\433\0\.cp\lib\testng-remote.jar;C:\Users\kesle\eclipse-workspace\GWESTY\target\test-classes;C:\Users\kesle\eclipse-workspace\GWESTY\target\classes;C:\Users\kesle\.m2\repository\io\cucumber\cucumber-java\1.2.6\cucumber-java-1.2.6.jar;C:\Users\kesle\.m2\repository\io\cucumber\cucumber-core\1.2.6\cucumber-core-1.2.6.jar;C:\Users\kesle\.m2\repository\info\cukes\cucumber-html\0.2.3\cucumber-html-0.2.3.jar;C:\Users\kesle\.m2\repository\info\cukes\cucumber-jvm-deps\1.0.5\cucumber-jvm-deps-1.0.5.jar;C:\Users\kesle\.m2\repository\info\cukes\gherkin\2.12.2\gherkin-2.12.2.jar;C:\Users\kesle\.m2\repository\io\cucumber\cucumber-testng\1.2.6\cucumber-testng-1.2.6.jar;C:\Users\kesle\.m2\repository\io\cucumber\gherkin\22.0.0\gherkin-22.0.0.jar;C:\Users\kesle\.m2\repository\io\cucumber\messages\17.1.1\messages-17.1.1.jar;C:\Users\kesle\.m2\repository\org\seleniumhq\selenium\selenium-java\4.2.1\selenium-java-4.2.1.jar;C:\Users\kesle\.m2\repository\org\seleniumhq\selenium\selenium-api\4.2.1\selenium-api-4.2.1.jar;C:\Users\kesle\.m2\repository\org\seleniumhq\selenium\selenium-chrome-driver\4.2.1\selenium-chrome-driver-4.2.1.jar;C:\Users\kesle\.m2\repository\com\google\auto\service\auto-service-annotations\1.0.1\auto-service-annotations-1.0.1.jar;C:\Users\kesle\.m2\repository\com\google\auto\service\auto-service\1.0.1\auto-service-1.0.1.jar;C:\Users\kesle\.m2\repository\com\google\auto\auto-common\1.2\auto-common-1.2.jar;C:\Users\kesle\.m2\repository\com\google\guava\guava\31.1-jre\guava-31.1-jre.jar;C:\Users\kesle\.m2\repository\com\google\guava\failureaccess\1.0.1\failureaccess-1.0.1.jar;C:\Users\kesle\.m2\repository\com\google\guava\listenablefuture\9999.0-empty-to-avoid-conflict-with-guava\listenablefuture-9999.0-empty-to-avoid-conflict-with-guava.jar;C:\Users\kesle\.m2\repository\org\checkerframework\checker-qual\3.12.0\checker-qual-3.12.0.jar;C:\Users\ke
Launcher Type: SUN_STANDARD

Environment Variables:
JAVA_HOME=C:\Program Files\Java\jdk1.8.0_331
PATH=C:/Users/kesle/Downloads/eclipse-java-2022-03-R-win32-x86_64/eclipse//plugins/org.eclipse.justj.openjdk.hotspot.jre.full.win32.x86_64_17.0.2.v20220201-1208/jre/bin/server;C:/Users/kesle/Downloads/eclipse-java-2022-03-R-win32-x86_64/eclipse//plugins/org.eclipse.justj.openjdk.hotspot.jre.full.win32.x86_64_17.0.2.v20220201-1208/jre/bin;C:\Program Files (x86)\Common Files\Oracle\Java\javapath;C:\WINDOWS\system32;C:\WINDOWS;C:\WINDOWS\System32\Wbem;C:\WINDOWS\System32\WindowsPowerShell\v1.0\;C:\WINDOWS\System32\OpenSSH\;C:\Program Files\Java\jdk1.8.0_331\bin;C:\Maven\apache-maven-3.8.5\bin;C:\Program Files\MySQL\MySQL Shell 8.0\bin\;C:\Users\kesle\AppData\Local\Microsoft\WindowsApps;C:\Users\kesle\AppData\Local\GitHubDesktop\bin;C:\Users\kesle\Downloads\eclipse-java-2022-03-R-win32-x86_64\eclipse;
USERNAME=kesley
OS=Windows_NT
PROCESSOR_IDENTIFIER=Intel64 Family 6 Model 61 Stepping 4, GenuineIntel



---------------  S Y S T E M  ---------------

OS: Windows 10 , 64 bit Build 19041 (10.0.19041.1741)

CPU:total 4 (initial active 4) (2 cores per cpu, 2 threads per core) family 6 model 61 stepping 4, cmov, cx8, fxsr, mmx, sse, sse2, sse3, ssse3, sse4.1, sse4.2, popcnt, avx, avx2, aes, clmul, erms, 3dnowpref, lzcnt, ht, tsc, tscinvbit, bmi1, bmi2, adx

Memory: 4k page, physical 8296444k(1280868k free), swap 10393596k(2868k free)

vm_info: Java HotSpot(TM) 64-Bit Server VM (25.331-b09) for windows-amd64 JRE (1.8.0_331-b09), built on Mar 10 2022 03:14:38 by "java_re" with MS VC++ 15.9 (VS2017)

time: Sun Jul 17 09:42:20 2022
timezone: SE Asia Standard Time
elapsed time: 49.832092 seconds (0d 0h 0m 49s)

