#
# There is insufficient memory for the Java Runtime Environment to continue.
# Native memory allocation (malloc) failed to allocate 406576 bytes for Chunk::new
# Possible reasons:
#   The system is out of physical RAM or swap space
#   The process is running with CompressedOops enabled, and the Java Heap may be blocking the growth of the native heap
# Possible solutions:
#   Reduce memory load on the system
#   Increase physical memory or swap space
#   Check if swap backing store is full
#   Decrease Java heap size (-Xmx/-Xms)
#   Decrease number of Java threads
#   Decrease Java thread stack sizes (-Xss)
#   Set larger code cache with -XX:ReservedCodeCacheSize=
#   JVM is running with Unscaled Compressed Oops mode in which the Java heap is
#     placed in the first 4GB address space. The Java Heap base address is the
#     maximum limit for the native heap growth. Please use -XX:HeapBaseMinAddress
#     to set the Java Heap base and to place the Java Heap above 4GB virtual address.
# This output file may be truncated or incomplete.
#
#  Out of Memory Error (allocation.cpp:389), pid=17136, tid=0x000000000000174c
#
# JRE version: Java(TM) SE Runtime Environment (8.0_331-b09) (build 1.8.0_331-b09)
# Java VM: Java HotSpot(TM) 64-Bit Server VM (25.331-b09 mixed mode windows-amd64 compressed oops)
# Failed to write core dump. Minidumps are not enabled by default on client versions of Windows
#

---------------  T H R E A D  ---------------

Current thread (0x000001cf7e84d800):  JavaThread "C2 CompilerThread0" daemon [_thread_in_native, id=5964, stack(0x00000018f0900000,0x00000018f0a00000)]

Stack: [0x00000018f0900000,0x00000018f0a00000]
Native frames: (J=compiled Java code, j=interpreted, Vv=VM code, C=native code)
V  [jvm.dll+0x32fc49]


Current CompileTask:
C2:  51112 2171       4       java.io.DataInputStream::readUTF (501 bytes)


---------------  P R O C E S S  ---------------

Java Threads: ( => current thread )
  0x000001cf7e864000 JavaThread "AsyncHttpClient-1-4" daemon [_thread_in_native, id=18660, stack(0x00000018f1c00000,0x00000018f1d00000)]
  0x000001cf7e865000 JavaThread "AsyncHttpClient-1-3" daemon [_thread_in_native, id=18648, stack(0x00000018f1b00000,0x00000018f1c00000)]
  0x000001cf7e903000 JavaThread "AsyncHttpClient-1-2" daemon [_thread_in_native, id=17200, stack(0x00000018f1800000,0x00000018f1900000)]
  0x000001cf7f546800 JavaThread "UrlChecker-2" daemon [_thread_blocked, id=10136, stack(0x00000018f1600000,0x00000018f1700000)]
  0x000001cf7f416800 JavaThread "Exec Stream Pumper" daemon [_thread_in_native, id=16100, stack(0x00000018f1500000,0x00000018f1600000)]
  0x000001cf7f483800 JavaThread "Exec Stream Pumper" daemon [_thread_in_native, id=9632, stack(0x00000018f1400000,0x00000018f1500000)]
  0x000001cf7f483000 JavaThread "Driver Service Executor" daemon [_thread_blocked, id=11752, stack(0x00000018f1300000,0x00000018f1400000)]
  0x000001cf04624800 JavaThread "Driver Service Executor" daemon [_thread_blocked, id=15116, stack(0x00000018f1200000,0x00000018f1300000)]
  0x000001cf7f4c5000 JavaThread "Exec Default Executor" daemon [_thread_in_native, id=2260, stack(0x00000018f1000000,0x00000018f1100000)]
  0x000001cf044e0800 JavaThread "AsyncHttpClient-1-1" daemon [_thread_blocked, id=10024, stack(0x00000018f1100000,0x00000018f1200000)]
  0x000001cf7fb74000 JavaThread "ReaderThread" [_thread_in_native, id=16660, stack(0x00000018f0f00000,0x00000018f1000000)]
  0x000001cf7e8e1000 JavaThread "Service Thread" daemon [_thread_blocked, id=13640, stack(0x00000018f0c00000,0x00000018f0d00000)]
  0x000001cf7e861000 JavaThread "C1 CompilerThread2" daemon [_thread_blocked, id=8404, stack(0x00000018f0b00000,0x00000018f0c00000)]
  0x000001cf7e856800 JavaThread "C2 CompilerThread1" daemon [_thread_blocked, id=2764, stack(0x00000018f0a00000,0x00000018f0b00000)]
=>0x000001cf7e84d800 JavaThread "C2 CompilerThread0" daemon [_thread_in_native, id=5964, stack(0x00000018f0900000,0x00000018f0a00000)]
  0x000001cf7e84c800 JavaThread "Attach Listener" daemon [_thread_blocked, id=1264, stack(0x00000018f0800000,0x00000018f0900000)]
  0x000001cf7e84b800 JavaThread "Signal Dispatcher" daemon [_thread_blocked, id=13612, stack(0x00000018f0700000,0x00000018f0800000)]
  0x000001cf7e824000 JavaThread "Finalizer" daemon [_thread_blocked, id=1192, stack(0x00000018f0600000,0x00000018f0700000)]
  0x000001cf7e81d000 JavaThread "Reference Handler" daemon [_thread_blocked, id=16460, stack(0x00000018f0500000,0x00000018f0600000)]
  0x000001cf6bf92800 JavaThread "main" [_thread_in_native, id=18360, stack(0x00000018eff00000,0x00000018f0000000)]

Other Threads:
  0x000001cf7e7f2800 VMThread [stack: 0x00000018f0400000,0x00000018f0500000] [id=2752]
  0x000001cf7e907000 WatcherThread [stack: 0x00000018f0d00000,0x00000018f0e00000] [id=7468]

VM state:not at safepoint (normal execution)

VM Mutex/Monitor currently owned by a thread: None

heap address: 0x0000000081600000, size: 2026 MB, Compressed Oops mode: 32-bit
Narrow klass base: 0x0000000000000000, Narrow klass shift: 3
Compressed class space size: 1073741824 Address: 0x0000000100000000

Heap:
 PSYoungGen      total 38400K, used 29558K [0x00000000d5d00000, 0x00000000d8780000, 0x0000000100000000)
  eden space 33280K, 75% used [0x00000000d5d00000,0x00000000d7572c30,0x00000000d7d80000)
  from space 5120K, 88% used [0x00000000d8280000,0x00000000d86eac58,0x00000000d8780000)
  to   space 5120K, 0% used [0x00000000d7d80000,0x00000000d7d80000,0x00000000d8280000)
 ParOldGen       total 46080K, used 8353K [0x0000000081600000, 0x0000000084300000, 0x00000000d5d00000)
  object space 46080K, 18% used [0x0000000081600000,0x0000000081e28430,0x0000000084300000)
 Metaspace       used 28477K, capacity 29720K, committed 29824K, reserved 1075200K
  class space    used 3896K, capacity 4204K, committed 4224K, reserved 1048576K

Card table byte_map: [0x000001cf7cd40000,0x000001cf7d140000] byte_map_base: 0x000001cf7c935000

Marking Bits: (ParMarkBitMap*) 0x0000000075309030
 Begin Bits: [0x000001cf00000000, 0x000001cf01fa8000)
 End Bits:   [0x000001cf01fa8000, 0x000001cf03f50000)

Polling page: 0x000001cf6bf20000

CodeCache: size=245760Kb used=6742Kb max_used=6754Kb free=239017Kb
 bounds [0x000001cf6d980000, 0x000001cf6e070000, 0x000001cf7c980000]
 total_blobs=2417 nmethods=1917 adapters=412
 compilation: enabled

Compilation events (10 events):
Event: 50.922 Thread 0x000001cf7e861000 nmethod 2167 0x000001cf6daf0910 code [0x000001cf6daf0a80, 0x000001cf6daf0cb0]
Event: 50.922 Thread 0x000001cf7e861000 2168       3       sun.util.calendar.BaseCalendar::getCalendarDateFromFixedDate (305 bytes)
Event: 50.925 Thread 0x000001cf7e861000 nmethod 2168 0x000001cf6db606d0 code [0x000001cf6db60960, 0x000001cf6db61ee0]
Event: 50.925 Thread 0x000001cf7e861000 2170       3       java.util.Locale::hashCode (41 bytes)
Event: 50.925 Thread 0x000001cf7e861000 nmethod 2170 0x000001cf6dcc1f10 code [0x000001cf6dcc2080, 0x000001cf6dcc2400]
Event: 50.925 Thread 0x000001cf7e861000 2169       3       sun.util.calendar.BaseCalendar$Date::hit (24 bytes)
Event: 50.926 Thread 0x000001cf7e861000 nmethod 2169 0x000001cf6db60310 code [0x000001cf6db60460, 0x000001cf6db60658]
Event: 51.054 Thread 0x000001cf7e84d800 2171       4       java.io.DataInputStream::readUTF (501 bytes)
Event: 51.056 Thread 0x000001cf7e856800 2172       4       java.util.concurrent.ConcurrentHashMap::addCount (292 bytes)
Event: 51.061 Thread 0x000001cf7e856800 nmethod 2172 0x000001cf6db5c450 code [0x000001cf6db5c5c0, 0x000001cf6db5c7e8]

GC Heap History (10 events):
Event: 2.439 GC heap before
{Heap before GC invocations=1 (full 0):
 PSYoungGen      total 38400K, used 33280K [0x00000000d5d00000, 0x00000000d8780000, 0x0000000100000000)
  eden space 33280K, 100% used [0x00000000d5d00000,0x00000000d7d80000,0x00000000d7d80000)
  from space 5120K, 0% used [0x00000000d8280000,0x00000000d8280000,0x00000000d8780000)
  to   space 5120K, 0% used [0x00000000d7d80000,0x00000000d7d80000,0x00000000d8280000)
 ParOldGen       total 87552K, used 0K [0x0000000081600000, 0x0000000086b80000, 0x00000000d5d00000)
  object space 87552K, 0% used [0x0000000081600000,0x0000000081600000,0x0000000086b80000)
 Metaspace       used 11567K, capacity 11978K, committed 12032K, reserved 1060864K
  class space    used 1408K, capacity 1533K, committed 1536K, reserved 1048576K
Event: 2.447 GC heap after
Heap after GC invocations=1 (full 0):
 PSYoungGen      total 38400K, used 5040K [0x00000000d5d00000, 0x00000000d8780000, 0x0000000100000000)
  eden space 33280K, 0% used [0x00000000d5d00000,0x00000000d5d00000,0x00000000d7d80000)
  from space 5120K, 98% used [0x00000000d7d80000,0x00000000d826c070,0x00000000d8280000)
  to   space 5120K, 0% used [0x00000000d8280000,0x00000000d8280000,0x00000000d8780000)
 ParOldGen       total 87552K, used 80K [0x0000000081600000, 0x0000000086b80000, 0x00000000d5d00000)
  object space 87552K, 0% used [0x0000000081600000,0x0000000081614010,0x0000000086b80000)
 Metaspace       used 11567K, capacity 11978K, committed 12032K, reserved 1060864K
  class space    used 1408K, capacity 1533K, committed 1536K, reserved 1048576K
}
Event: 8.693 GC heap before
{Heap before GC invocations=2 (full 0):
 PSYoungGen      total 38400K, used 38320K [0x00000000d5d00000, 0x00000000d8780000, 0x0000000100000000)
  eden space 33280K, 100% used [0x00000000d5d00000,0x00000000d7d80000,0x00000000d7d80000)
  from space 5120K, 98% used [0x00000000d7d80000,0x00000000d826c070,0x00000000d8280000)
  to   space 5120K, 0% used [0x00000000d8280000,0x00000000d8280000,0x00000000d8780000)
 ParOldGen       total 87552K, used 80K [0x0000000081600000, 0x0000000086b80000, 0x00000000d5d00000)
  object space 87552K, 0% used [0x0000000081600000,0x0000000081614010,0x0000000086b80000)
 Metaspace       used 16143K, capacity 16664K, committed 17024K, reserved 1064960K
  class space    used 2159K, capacity 2314K, committed 2432K, reserved 1048576K
Event: 8.703 GC heap after
Heap after GC invocations=2 (full 0):
 PSYoungGen      total 38400K, used 5108K [0x00000000d5d00000, 0x00000000d8780000, 0x0000000100000000)
  eden space 33280K, 0% used [0x00000000d5d00000,0x00000000d5d00000,0x00000000d7d80000)
  from space 5120K, 99% used [0x00000000d8280000,0x00000000d877d2c8,0x00000000d8780000)
  to   space 5120K, 0% used [0x00000000d7d80000,0x00000000d7d80000,0x00000000d8280000)
 ParOldGen       total 87552K, used 2068K [0x0000000081600000, 0x0000000086b80000, 0x00000000d5d00000)
  object space 87552K, 2% used [0x0000000081600000,0x0000000081805310,0x0000000086b80000)
 Metaspace       used 16143K, capacity 16664K, committed 17024K, reserved 1064960K
  class space    used 2159K, capacity 2314K, committed 2432K, reserved 1048576K
}
Event: 21.046 GC heap before
{Heap before GC invocations=3 (full 0):
 PSYoungGen      total 38400K, used 34116K [0x00000000d5d00000, 0x00000000d8780000, 0x0000000100000000)
  eden space 33280K, 87% used [0x00000000d5d00000,0x00000000d7953fd8,0x00000000d7d80000)
  from space 5120K, 99% used [0x00000000d8280000,0x00000000d877d2c8,0x00000000d8780000)
  to   space 5120K, 0% used [0x00000000d7d80000,0x00000000d7d80000,0x00000000d8280000)
 ParOldGen       total 87552K, used 2068K [0x0000000081600000, 0x0000000086b80000, 0x00000000d5d00000)
  object space 87552K, 2% used [0x0000000081600000,0x0000000081805310,0x0000000086b80000)
 Metaspace       used 20668K, capacity 21220K, committed 21296K, reserved 1067008K
  class space    used 2723K, capacity 2908K, committed 2944K, reserved 1048576K
Event: 21.057 GC heap after
Heap after GC invocations=3 (full 0):
 PSYoungGen      total 38400K, used 5090K [0x00000000d5d00000, 0x00000000d8780000, 0x0000000100000000)
  eden space 33280K, 0% used [0x00000000d5d00000,0x00000000d5d00000,0x00000000d7d80000)
  from space 5120K, 99% used [0x00000000d7d80000,0x00000000d8278b70,0x00000000d8280000)
  to   space 5120K, 0% used [0x00000000d8280000,0x00000000d8280000,0x00000000d8780000)
 ParOldGen       total 87552K, used 5437K [0x0000000081600000, 0x0000000086b80000, 0x00000000d5d00000)
  object space 87552K, 6% used [0x0000000081600000,0x0000000081b4f438,0x0000000086b80000)
 Metaspace       used 20668K, capacity 21220K, committed 21296K, reserved 1067008K
  class space    used 2723K, capacity 2908K, committed 2944K, reserved 1048576K
}
Event: 21.057 GC heap before
{Heap before GC invocations=4 (full 1):
 PSYoungGen      total 38400K, used 5090K [0x00000000d5d00000, 0x00000000d8780000, 0x0000000100000000)
  eden space 33280K, 0% used [0x00000000d5d00000,0x00000000d5d00000,0x00000000d7d80000)
  from space 5120K, 99% used [0x00000000d7d80000,0x00000000d8278b70,0x00000000d8280000)
  to   space 5120K, 0% used [0x00000000d8280000,0x00000000d8280000,0x00000000d8780000)
 ParOldGen       total 87552K, used 5437K [0x0000000081600000, 0x0000000086b80000, 0x00000000d5d00000)
  object space 87552K, 6% used [0x0000000081600000,0x0000000081b4f438,0x0000000086b80000)
 Metaspace       used 20668K, capacity 21220K, committed 21296K, reserved 1067008K
  class space    used 2723K, capacity 2908K, committed 2944K, reserved 1048576K
Event: 21.101 GC heap after
Heap after GC invocations=4 (full 1):
 PSYoungGen      total 38400K, used 0K [0x00000000d5d00000, 0x00000000d8780000, 0x0000000100000000)
  eden space 33280K, 0% used [0x00000000d5d00000,0x00000000d5d00000,0x00000000d7d80000)
  from space 5120K, 0% used [0x00000000d7d80000,0x00000000d7d80000,0x00000000d8280000)
  to   space 5120K, 0% used [0x00000000d8280000,0x00000000d8280000,0x00000000d8780000)
 ParOldGen       total 46080K, used 8345K [0x0000000081600000, 0x0000000084300000, 0x00000000d5d00000)
  object space 46080K, 18% used [0x0000000081600000,0x0000000081e26430,0x0000000084300000)
 Metaspace       used 20668K, capacity 21220K, committed 21296K, reserved 1067008K
  class space    used 2723K, capacity 2908K, committed 2944K, reserved 1048576K
}
Event: 26.455 GC heap before
{Heap before GC invocations=5 (full 1):
 PSYoungGen      total 38400K, used 31999K [0x00000000d5d00000, 0x00000000d8780000, 0x0000000100000000)
  eden space 33280K, 96% used [0x00000000d5d00000,0x00000000d7c3feb8,0x00000000d7d80000)
  from space 5120K, 0% used [0x00000000d7d80000,0x00000000d7d80000,0x00000000d8280000)
  to   space 5120K, 0% used [0x00000000d8280000,0x00000000d8280000,0x00000000d8780000)
 ParOldGen       total 46080K, used 8345K [0x0000000081600000, 0x0000000084300000, 0x00000000d5d00000)
  object space 46080K, 18% used [0x0000000081600000,0x0000000081e26430,0x0000000084300000)
 Metaspace       used 25681K, capacity 26784K, committed 26880K, reserved 1073152K
  class space    used 3481K, capacity 3764K, committed 3840K, reserved 1048576K
Event: 26.460 GC heap after
Heap after GC invocations=5 (full 1):
 PSYoungGen      total 38400K, used 4523K [0x00000000d5d00000, 0x00000000d8780000, 0x0000000100000000)
  eden space 33280K, 0% used [0x00000000d5d00000,0x00000000d5d00000,0x00000000d7d80000)
  from space 5120K, 88% used [0x00000000d8280000,0x00000000d86eac58,0x00000000d8780000)
  to   space 5120K, 0% used [0x00000000d7d80000,0x00000000d7d80000,0x00000000d8280000)
 ParOldGen       total 46080K, used 8353K [0x0000000081600000, 0x0000000084300000, 0x00000000d5d00000)
  object space 46080K, 18% used [0x0000000081600000,0x0000000081e28430,0x0000000084300000)
 Metaspace       used 25681K, capacity 26784K, committed 26880K, reserved 1073152K
  class space    used 3481K, capacity 3764K, committed 3840K, reserved 1048576K
}

Deoptimization events (10 events):
Event: 21.900 Thread 0x000001cf6bf92800 Uncommon trap: reason=class_check action=maybe_recompile pc=0x000001cf6deab374 method=java.util.regex.Pattern$Curly.match(Ljava/util/regex/Matcher;ILjava/lang/CharSequence;)Z @ 19
Event: 21.900 Thread 0x000001cf6bf92800 Uncommon trap: reason=class_check action=maybe_recompile pc=0x000001cf6deab374 method=java.util.regex.Pattern$Curly.match(Ljava/util/regex/Matcher;ILjava/lang/CharSequence;)Z @ 19
Event: 21.963 Thread 0x000001cf6bf92800 Uncommon trap: reason=unstable_if action=reinterpret pc=0x000001cf6db27bd4 method=java.lang.String.replace(CC)Ljava/lang/String; @ 2
Event: 22.209 Thread 0x000001cf7f546800 Uncommon trap: reason=unstable_if action=reinterpret pc=0x000001cf6de5b85c method=java.lang.CharacterDataLatin1.digit(II)I @ 82
Event: 22.734 Thread 0x000001cf7f546800 Uncommon trap: reason=unstable_if action=reinterpret pc=0x000001cf6de5db54 method=java.lang.CharacterDataLatin1.digit(II)I @ 82
Event: 23.463 Thread 0x000001cf6bf92800 Uncommon trap: reason=unstable_if action=reinterpret pc=0x000001cf6dcfe114 method=jdk.internal.org.objectweb.asm.Type.getArgumentsAndReturnSizes(Ljava/lang/String;)I @ 41
Event: 24.048 Thread 0x000001cf6bf92800 Uncommon trap: reason=unstable_if action=reinterpret pc=0x000001cf6de73e5c method=java.util.regex.Pattern$BmpCharProperty.match(Ljava/util/regex/Matcher;ILjava/lang/CharSequence;)Z @ 34
Event: 36.233 Thread 0x000001cf6bf92800 Uncommon trap: reason=unstable_if action=reinterpret pc=0x000001cf6ddaa720 method=java.util.concurrent.ConcurrentHashMap.putVal(Ljava/lang/Object;Ljava/lang/Object;Z)Ljava/lang/Object; @ 181
Event: 42.084 Thread 0x000001cf6bf92800 Uncommon trap: reason=unstable_if action=reinterpret pc=0x000001cf6dda6f2c method=java.util.HashMap.hash(Ljava/lang/Object;)I @ 1
Event: 42.475 Thread 0x000001cf6bf92800 Uncommon trap: reason=predicate action=maybe_recompile pc=0x000001cf6dd3dd58 method=java.lang.String.regionMatches(ZILjava/lang/String;II)Z @ 63

Classes redefined (0 events):
No events

Internal exceptions (10 events):
Event: 8.558 Thread 0x000001cf6bf92800 Exception <a 'java/lang/NoClassDefFoundError': org/apache/logging/log4j/spi/ExtendedLoggerWrapper> (0x00000000d7c6b9e8) thrown at [C:\jenkins\workspace\8-2-build-windows-amd64-cygwin\jdk8u331\2416\hotspot\src\share\vm\classfile\systemDictionary.cpp, line 
Event: 8.568 Thread 0x000001cf6bf92800 Exception <a 'java/lang/NoClassDefFoundError'> (0x00000000d7c6b9e8) thrown at [C:\jenkins\workspace\8-2-build-windows-amd64-cygwin\jdk8u331\2416\hotspot\src\share\vm\prims\jvm.cpp, line 1527]
Event: 21.465 Thread 0x000001cf6bf92800 Exception <a 'java/lang/NoSuchMethodError': java.lang.Object.lambda$andFinally$1(Lorg/openqa/selenium/remote/http/HttpHandler;Lorg/openqa/selenium/remote/http/HttpRequest;)Lorg/openqa/selenium/remote/http/HttpResponse;> (0x00000000d61c2168) thrown at [C:\
Event: 22.719 Thread 0x000001cf7f546800 Exception <a 'java/net/SocketTimeoutException': connect timed out> (0x00000000d6830350) thrown at [C:\jenkins\workspace\8-2-build-windows-amd64-cygwin\jdk8u331\2416\hotspot\src\share\vm\prims\jni.cpp, line 737]
Event: 23.248 Thread 0x000001cf7f546800 Exception <a 'java/net/SocketTimeoutException': connect timed out> (0x00000000d6831830) thrown at [C:\jenkins\workspace\8-2-build-windows-amd64-cygwin\jdk8u331\2416\hotspot\src\share\vm\prims\jni.cpp, line 737]
Event: 23.458 Thread 0x000001cf6bf92800 Exception <a 'java/lang/NoSuchMethodError': java.lang.Object.lambda$andThen$1(Ljava/util/function/Function;Ljava/lang/Object;)Ljava/lang/Object;> (0x00000000d68ce718) thrown at [C:\jenkins\workspace\8-2-build-windows-amd64-cygwin\jdk8u331\2416\hotspot\src
Event: 23.655 Thread 0x000001cf6bf92800 Exception <a 'java/lang/NoSuchMethodError': java.lang.Object.lambda$chars$0()Ljava/util/Spliterator$OfInt;> (0x00000000d6aa44f8) thrown at [C:\jenkins\workspace\8-2-build-windows-amd64-cygwin\jdk8u331\2416\hotspot\src\share\vm\interpreter\linkResolver.cpp
Event: 23.901 Thread 0x000001cf6bf92800 Exception <a 'java/lang/NoSuchMethodError': java.lang.Object.lambda$negate$1(Ljava/lang/Object;)Z> (0x00000000d6ce75d0) thrown at [C:\jenkins\workspace\8-2-build-windows-amd64-cygwin\jdk8u331\2416\hotspot\src\share\vm\interpreter\linkResolver.cpp, line 62
Event: 35.612 Thread 0x000001cf6bf92800 Exception <a 'java/lang/NoSuchMethodError': java.lang.Object.lambda$getResponseFunction$0(Lorg/openqa/selenium/remote/InitialHandshakeResponse;)Lorg/openqa/selenium/remote/ProtocolHandshake$Result;> (0x00000000d6602200) thrown at [C:\jenkins\workspace\8-2
Event: 42.084 Thread 0x000001cf6bf92800 Implicit null exception at 0x000001cf6dda693b to 0x000001cf6dda6f11

Events (10 events):
Event: 51.050 loading class java/time/zone/ZoneRulesProvider$1 done
Event: 51.051 loading class java/time/zone/TzdbZoneRulesProvider
Event: 51.052 loading class java/time/zone/TzdbZoneRulesProvider done
Event: 51.060 loading class java/time/zone/Ser
Event: 51.062 loading class java/time/zone/Ser done
Event: 51.062 loading class java/time/zone/ZoneRules
Event: 51.063 loading class java/time/zone/ZoneRules done
Event: 51.063 loading class java/time/zone/ZoneOffsetTransitionRule
Event: 51.064 loading class java/time/zone/ZoneOffsetTransitionRule done
Event: 51.064 loading class java/time/LocalDateTime


Dynamic libraries:
0x00007ff6d2280000 - 0x00007ff6d22c7000 	C:\Program Files\Java\jdk1.8.0_331\bin\javaw.exe
0x00007ffdfabd0000 - 0x00007ffdfadc7000 	C:\WINDOWS\SYSTEM32\ntdll.dll
0x00007ffdf9800000 - 0x00007ffdf98bd000 	C:\WINDOWS\System32\KERNEL32.DLL
0x00007ffdf88c0000 - 0x00007ffdf8b8d000 	C:\WINDOWS\System32\KERNELBASE.dll
0x00007ffdf9560000 - 0x00007ffdf960e000 	C:\WINDOWS\System32\ADVAPI32.dll
0x00007ffdf98c0000 - 0x00007ffdf995e000 	C:\WINDOWS\System32\msvcrt.dll
0x00007ffdf94c0000 - 0x00007ffdf955c000 	C:\WINDOWS\System32\sechost.dll
0x00007ffdf8f90000 - 0x00007ffdf90b5000 	C:\WINDOWS\System32\RPCRT4.dll
0x00007ffdf90c0000 - 0x00007ffdf9260000 	C:\WINDOWS\System32\USER32.dll
0x00007ffdf8480000 - 0x00007ffdf84a2000 	C:\WINDOWS\System32\win32u.dll
0x00007ffdf9370000 - 0x00007ffdf939a000 	C:\WINDOWS\System32\GDI32.dll
0x00007ffdf84b0000 - 0x00007ffdf85bb000 	C:\WINDOWS\System32\gdi32full.dll
0x00007ffdf8b90000 - 0x00007ffdf8c2d000 	C:\WINDOWS\System32\msvcp_win.dll
0x00007ffdf8380000 - 0x00007ffdf8480000 	C:\WINDOWS\System32\ucrtbase.dll
0x00007ffdecc70000 - 0x00007ffdecf0a000 	C:\WINDOWS\WinSxS\amd64_microsoft.windows.common-controls_6595b64144ccf1df_6.0.19041.1110_none_60b5254171f9507e\COMCTL32.dll
0x00007ffdf9b90000 - 0x00007ffdf9bc0000 	C:\WINDOWS\System32\IMM32.DLL
0x00007ffde7880000 - 0x00007ffde7895000 	C:\Program Files\Java\jdk1.8.0_331\jre\bin\vcruntime140.dll
0x00007ffdde960000 - 0x00007ffdde9fb000 	C:\Program Files\Java\jdk1.8.0_331\jre\bin\msvcp140.dll
0x0000000074b20000 - 0x0000000075381000 	C:\Program Files\Java\jdk1.8.0_331\jre\bin\server\jvm.dll
0x00007ffdf9c90000 - 0x00007ffdf9c98000 	C:\WINDOWS\System32\PSAPI.DLL
0x00007ffddfba0000 - 0x00007ffddfba9000 	C:\WINDOWS\SYSTEM32\WSOCK32.dll
0x00007ffdf9960000 - 0x00007ffdf99cb000 	C:\WINDOWS\System32\WS2_32.dll
0x00007ffdec500000 - 0x00007ffdec527000 	C:\WINDOWS\SYSTEM32\WINMM.dll
0x00007ffded070000 - 0x00007ffded07a000 	C:\WINDOWS\SYSTEM32\VERSION.dll
0x00007ffdf61f0000 - 0x00007ffdf6202000 	C:\WINDOWS\SYSTEM32\kernel.appcore.dll
0x00007ffdde760000 - 0x00007ffdde770000 	C:\Program Files\Java\jdk1.8.0_331\jre\bin\verify.dll
0x00007ffdde730000 - 0x00007ffdde75b000 	C:\Program Files\Java\jdk1.8.0_331\jre\bin\java.dll
0x00007ffdf3540000 - 0x00007ffdf3558000 	C:\Program Files\Java\jdk1.8.0_331\jre\bin\zip.dll
0x00007ffdfa440000 - 0x00007ffdfab84000 	C:\WINDOWS\System32\SHELL32.dll
0x00007ffdf63f0000 - 0x00007ffdf6b84000 	C:\WINDOWS\SYSTEM32\windows.storage.dll
0x00007ffdf8c30000 - 0x00007ffdf8f84000 	C:\WINDOWS\System32\combase.dll
0x00007ffdf7c80000 - 0x00007ffdf7cac000 	C:\WINDOWS\SYSTEM32\Wldp.dll
0x00007ffdfa2d0000 - 0x00007ffdfa37d000 	C:\WINDOWS\System32\SHCORE.dll
0x00007ffdfa3e0000 - 0x00007ffdfa435000 	C:\WINDOWS\System32\shlwapi.dll
0x00007ffdf8230000 - 0x00007ffdf824f000 	C:\WINDOWS\SYSTEM32\profapi.dll
0x00007ffdf2670000 - 0x00007ffdf268c000 	C:\Program Files\Java\jdk1.8.0_331\jre\bin\net.dll
0x00007ffdf79e0000 - 0x00007ffdf7a4a000 	C:\WINDOWS\system32\mswsock.dll
0x00007ffdf7710000 - 0x00007ffdf77db000 	C:\WINDOWS\SYSTEM32\DNSAPI.dll
0x00007ffdf76d0000 - 0x00007ffdf770b000 	C:\WINDOWS\SYSTEM32\IPHLPAPI.DLL
0x00007ffdf9ca0000 - 0x00007ffdf9ca8000 	C:\WINDOWS\System32\NSI.dll
0x00007ffde8790000 - 0x00007ffde879a000 	C:\Windows\System32\rasadhlp.dll
0x00007ffded7b0000 - 0x00007ffded830000 	C:\WINDOWS\System32\fwpuclnt.dll
0x00007ffdf85c0000 - 0x00007ffdf85e7000 	C:\WINDOWS\System32\bcrypt.dll
0x00007ffdf7be0000 - 0x00007ffdf7bf8000 	C:\WINDOWS\SYSTEM32\CRYPTSP.dll
0x00007ffdf7360000 - 0x00007ffdf7394000 	C:\WINDOWS\system32\rsaenh.dll
0x00007ffdf81b0000 - 0x00007ffdf81de000 	C:\WINDOWS\SYSTEM32\USERENV.dll
0x00007ffdf82f0000 - 0x00007ffdf8372000 	C:\WINDOWS\System32\bcryptprimitives.dll
0x00007ffdf7bd0000 - 0x00007ffdf7bdc000 	C:\WINDOWS\SYSTEM32\CRYPTBASE.dll
0x00007ffdf1b90000 - 0x00007ffdf1ba7000 	C:\WINDOWS\SYSTEM32\dhcpcsvc6.DLL
0x00007ffdf1df0000 - 0x00007ffdf1e0d000 	C:\WINDOWS\SYSTEM32\dhcpcsvc.DLL
0x00007ffdef9c0000 - 0x00007ffdef9d3000 	C:\Program Files\Java\jdk1.8.0_331\jre\bin\nio.dll
0x00007ffdee100000 - 0x00007ffdee124000 	C:\Program Files\Java\jdk1.8.0_331\jre\bin\sunec.dll
0x00007ffdf2660000 - 0x00007ffdf266d000 	C:\Program Files\Java\jdk1.8.0_331\jre\bin\management.dll
0x00007ffddee30000 - 0x00007ffddee47000 	C:\WINDOWS\system32\napinsp.dll
0x00007ffddee10000 - 0x00007ffddee2b000 	C:\WINDOWS\system32\pnrpnsp.dll
0x00007ffdf36a0000 - 0x00007ffdf36b5000 	C:\WINDOWS\system32\wshbth.dll
0x00007ffdf2200000 - 0x00007ffdf221d000 	C:\WINDOWS\system32\NLAapi.dll
0x00007ffdddf90000 - 0x00007ffdddfa2000 	C:\WINDOWS\System32\winrnr.dll

VM Arguments:
jvm_args: -ea -Dfile.encoding=UTF-8 
java_command: org.testng.remote.RemoteTestNG -serport 63707 -protocol json -d C:\Users\kesle\eclipse-workspace\GWESTY\test-output C:\Users\kesle\AppData\Local\Temp\testng-eclipse-1372909302\testng-customsuite.xml
java_class_path (initial): C:\Users\kesle\Downloads\eclipse-java-2022-03-R-win32-x86_64\eclipse\configuration\org.eclipse.osgi\433\0\.cp\lib\testng-remote.jar;C:\Users\kesle\eclipse-workspace\GWESTY\target\test-classes;C:\Users\kesle\eclipse-workspace\GWESTY\target\classes;C:\Users\kesle\.m2\repository\io\cucumber\cucumber-java\1.2.6\cucumber-java-1.2.6.jar;C:\Users\kesle\.m2\repository\io\cucumber\cucumber-core\1.2.6\cucumber-core-1.2.6.jar;C:\Users\kesle\.m2\repository\info\cukes\cucumber-html\0.2.3\cucumber-html-0.2.3.jar;C:\Users\kesle\.m2\repository\info\cukes\cucumber-jvm-deps\1.0.5\cucumber-jvm-deps-1.0.5.jar;C:\Users\kesle\.m2\repository\info\cukes\gherkin\2.12.2\gherkin-2.12.2.jar;C:\Users\kesle\.m2\repository\io\cucumber\cucumber-testng\1.2.6\cucumber-testng-1.2.6.jar;C:\Users\kesle\.m2\repository\io\cucumber\gherkin\22.0.0\gherkin-22.0.0.jar;C:\Users\kesle\.m2\repository\io\cucumber\messages\17.1.1\messages-17.1.1.jar;C:\Users\kesle\.m2\repository\org\seleniumhq\selenium\selenium-java\4.2.1\selenium-java-4.2.1.jar;C:\Users\kesle\.m2\repository\org\seleniumhq\selenium\selenium-api\4.2.1\selenium-api-4.2.1.jar;C:\Users\kesle\.m2\repository\org\seleniumhq\selenium\selenium-chrome-driver\4.2.1\selenium-chrome-driver-4.2.1.jar;C:\Users\kesle\.m2\repository\com\google\auto\service\auto-service-annotations\1.0.1\auto-service-annotations-1.0.1.jar;C:\Users\kesle\.m2\repository\com\google\auto\service\auto-service\1.0.1\auto-service-1.0.1.jar;C:\Users\kesle\.m2\repository\com\google\auto\auto-common\1.2\auto-common-1.2.jar;C:\Users\kesle\.m2\repository\com\google\guava\guava\31.1-jre\guava-31.1-jre.jar;C:\Users\kesle\.m2\repository\com\google\guava\failureaccess\1.0.1\failureaccess-1.0.1.jar;C:\Users\kesle\.m2\repository\com\google\guava\listenablefuture\9999.0-empty-to-avoid-conflict-with-guava\listenablefuture-9999.0-empty-to-avoid-conflict-with-guava.jar;C:\Users\kesle\.m2\repository\org\checkerframework\checker-qual\3.12.0\checker-qual-3.12.0.jar;C:\Users\ke
Launcher Type: SUN_STANDARD

Environment Variables:
JAVA_HOME=C:\Program Files\Java\jdk1.8.0_331
PATH=C:/Users/kesle/Downloads/eclipse-java-2022-03-R-win32-x86_64/eclipse//plugins/org.eclipse.justj.openjdk.hotspot.jre.full.win32.x86_64_17.0.2.v20220201-1208/jre/bin/server;C:/Users/kesle/Downloads/eclipse-java-2022-03-R-win32-x86_64/eclipse//plugins/org.eclipse.justj.openjdk.hotspot.jre.full.win32.x86_64_17.0.2.v20220201-1208/jre/bin;C:\Program Files (x86)\Common Files\Oracle\Java\javapath;C:\WINDOWS\system32;C:\WINDOWS;C:\WINDOWS\System32\Wbem;C:\WINDOWS\System32\WindowsPowerShell\v1.0\;C:\WINDOWS\System32\OpenSSH\;C:\Program Files\Java\jdk1.8.0_331\bin;C:\Maven\apache-maven-3.8.5\bin;C:\Program Files\MySQL\MySQL Shell 8.0\bin\;C:\Users\kesle\AppData\Local\Microsoft\WindowsApps;C:\Users\kesle\AppData\Local\GitHubDesktop\bin;C:\Users\kesle\Downloads\eclipse-java-2022-03-R-win32-x86_64\eclipse;
USERNAME=kesley
OS=Windows_NT
PROCESSOR_IDENTIFIER=Intel64 Family 6 Model 61 Stepping 4, GenuineIntel



---------------  S Y S T E M  ---------------

OS: Windows 10 , 64 bit Build 19041 (10.0.19041.1741)

CPU:total 4 (initial active 4) (2 cores per cpu, 2 threads per core) family 6 model 61 stepping 4, cmov, cx8, fxsr, mmx, sse, sse2, sse3, ssse3, sse4.1, sse4.2, popcnt, avx, avx2, aes, clmul, erms, 3dnowpref, lzcnt, ht, tsc, tscinvbit, bmi1, bmi2, adx

Memory: 4k page, physical 8296444k(1120392k free), swap 10393596k(4096k free)

vm_info: Java HotSpot(TM) 64-Bit Server VM (25.331-b09) for windows-amd64 JRE (1.8.0_331-b09), built on Mar 10 2022 03:14:38 by "java_re" with MS VC++ 15.9 (VS2017)

time: Sun Jul 17 09:43:53 2022
timezone: SE Asia Standard Time
elapsed time: 51.120752 seconds (0d 0h 0m 51s)

